[     837ms] [WARNING] [expo-notifications] Listening to push token changes is not yet fully supported on web. Adding a listener will have no effect. @ http://localhost:8081/index.bundle?platform=web&dev=true&hot=false&lazy=true&transform.engine=hermes&transform.routerRoot=app&unstable_transformProfile=hermes-stable:132144
[     872ms] Error: Cannot manually set color scheme, as dark mode is type 'media'. Please use StyleSheet.setFlag('darkMode', 'class')
    at Object.set (http://localhost:8081/index.bundle?platform=web&dev=true&hot=false&lazy=true&transform.engine=hermes&transform.routerRoot=app&unstable_transformProfile=hermes-stable:49524:15)
    at MutationObserver.observe.attributes (http://localhost:8081/index.bundle?platform=web&dev=true&hot=false&lazy=true&transform.engine=hermes&transform.routerRoot=app&unstable_transformProfile=hermes-stable:49510:27)
[    1453ms] [WARNING] props.pointerEvents is deprecated. Use style.pointerEvents @ http://localhost:8081/index.bundle?platform=web&dev=true&hot=false&lazy=true&transform.engine=hermes&transform.routerRoot=app&unstable_transformProfile=hermes-stable:24064
[    1453ms] [WARNING] "shadow*" style props are deprecated. Use "boxShadow". @ http://localhost:8081/index.bundle?platform=web&dev=true&hot=false&lazy=true&transform.engine=hermes&transform.routerRoot=app&unstable_transformProfile=hermes-stable:24064
[ 4021264ms] ReferenceError: formatDate is not defined
    at AddTaskSheet (http://localhost:8081/components/AddTaskSheet.bundle//&platform=web&dev=true&hot=false&lazy=true&transform.engine=hermes&transform.routerRoot=app&unstable_transformProfile=hermes-stable&minify=false&modulesOnly=true&runModule=false&shallow=true:80:46)
    at react-stack-bottom-frame (http://localhost:8081/index.bundle?platform=web&dev=true&hot=false&lazy=true&transform.engine=hermes&transform.routerRoot=app&unstable_transformProfile=hermes-stable:18446:20)
    at renderWithHooks (http://localhost:8081/index.bundle?platform=web&dev=true&hot=false&lazy=true&transform.engine=hermes&transform.routerRoot=app&unstable_transformProfile=hermes-stable:8656:22)
    at updateFunctionComponent (http://localhost:8081/index.bundle?platform=web&dev=true&hot=false&lazy=true&transform.engine=hermes&transform.routerRoot=app&unstable_transformProfile=hermes-stable:10349:19)
    at beginWork (http://localhost:8081/index.bundle?platform=web&dev=true&hot=false&lazy=true&transform.engine=hermes&transform.routerRoot=app&unstable_transformProfile=hermes-stable:10935:18)
    at runWithFiberInDEV (http://localhost:8081/index.bundle?platform=web&dev=true&hot=false&lazy=true&transform.engine=hermes&transform.routerRoot=app&unstable_transformProfile=hermes-stable:6428:70)
    at performUnitOfWork (http://localhost:8081/index.bundle?platform=web&dev=true&hot=false&lazy=true&transform.engine=hermes&transform.routerRoot=app&unstable_transformProfile=hermes-stable:13008:95)
    at workLoopSync (http://localhost:8081/index.bundle?platform=web&dev=true&hot=false&lazy=true&transform.engine=hermes&transform.routerRoot=app&unstable_transformProfile=hermes-stable:12901:40)
    at renderRootSync (http://localhost:8081/index.bundle?platform=web&dev=true&hot=false&lazy=true&transform.engine=hermes&transform.routerRoot=app&unstable_transformProfile=hermes-stable:12885:9)
    at performWorkOnRoot (http://localhost:8081/index.bundle?platform=web&dev=true&hot=false&lazy=true&transform.engine=hermes&transform.routerRoot=app&unstable_transformProfile=hermes-stable:12649:44)
[ 4021193ms] [WARNING] %s

%s
 An error occurred in the <AddTaskSheet> component. Consider adding an error boundary to your tree to customize error handling behavior.
Visit https://react.dev/link/error-boundaries to learn more about error boundaries. @ http://localhost:8081/index.bundle?platform=web&dev=true&hot=false&lazy=true&transform.engine=hermes&transform.routerRoot=app&unstable_transformProfile=hermes-stable:10109
[ 4021497ms] TypeError: Notifications.removeNotificationSubscription is not a function
    at http://localhost:8081/index.bundle?platform=web&dev=true&hot=false&lazy=true&transform.engine=hermes&transform.routerRoot=app&unstable_transformProfile=hermes-stable:185522:53
    at react-stack-bottom-frame (http://localhost:8081/index.bundle?platform=web&dev=true&hot=false&lazy=true&transform.engine=hermes&transform.routerRoot=app&unstable_transformProfile=hermes-stable:18517:13)
    at runWithFiberInDEV (http://localhost:8081/index.bundle?platform=web&dev=true&hot=false&lazy=true&transform.engine=hermes&transform.routerRoot=app&unstable_transformProfile=hermes-stable:6428:70)
    at commitHookEffectListUnmount (http://localhost:8081/index.bundle?platform=web&dev=true&hot=false&lazy=true&transform.engine=hermes&transform.routerRoot=app&unstable_transformProfile=hermes-stable:11445:625)
    at commitHookPassiveUnmountEffects (http://localhost:8081/index.bundle?platform=web&dev=true&hot=false&lazy=true&transform.engine=hermes&transform.routerRoot=app&unstable_transformProfile=hermes-stable:11458:58)
    at commitPassiveUnmountEffectsInsideOfDeletedTree_begin (http://localhost:8081/index.bundle?platform=web&dev=true&hot=false&lazy=true&transform.engine=hermes&transform.routerRoot=app&unstable_transformProfile=hermes-stable:12555:13)
    at recursivelyTraversePassiveUnmountEffects (http://localhost:8081/index.bundle?platform=web&dev=true&hot=false&lazy=true&transform.engine=hermes&transform.routerRoot=app&unstable_transformProfile=hermes-stable:12487:11)
    at commitPassiveUnmountOnFiber (http://localhost:8081/index.bundle?platform=web&dev=true&hot=false&lazy=true&transform.engine=hermes&transform.routerRoot=app&unstable_transformProfile=hermes-stable:12503:11)
    at flushPassiveEffects (http://localhost:8081/index.bundle?platform=web&dev=true&hot=false&lazy=true&transform.engine=hermes&transform.routerRoot=app&unstable_transformProfile=hermes-stable:13359:9)
    at flushPendingEffects (http://localhost:8081/index.bundle?platform=web&dev=true&hot=false&lazy=true&transform.engine=hermes&transform.routerRoot=app&unstable_transformProfile=hermes-stable:13332:14)
[ 4021245ms] [WARNING] %s

%s
 An error occurred in the <RootLayout(./_layout.tsx)> component. Consider adding an error boundary to your tree to customize error handling behavior.
Visit https://react.dev/link/error-boundaries to learn more about error boundaries. @ http://localhost:8081/index.bundle?platform=web&dev=true&hot=false&lazy=true&transform.engine=hermes&transform.routerRoot=app&unstable_transformProfile=hermes-stable:10109
[ 4025386ms] ReferenceError: formatDate is not defined
    at eval (http://localhost:8081/components/AddTaskSheet.bundle//&platform=web&dev=true&hot=false&lazy=true&transform.engine=hermes&transform.routerRoot=app&unstable_transformProfile=hermes-stable&minify=false&modulesOnly=true&runModule=false&shallow=true:134:16)
    at Array.from (<anonymous>)
    at AddTaskSheet (http://localhost:8081/components/AddTaskSheet.bundle//&platform=web&dev=true&hot=false&lazy=true&transform.engine=hermes&transform.routerRoot=app&unstable_transformProfile=hermes-stable&minify=false&modulesOnly=true&runModule=false&shallow=true:127:34)
    at react-stack-bottom-frame (http://localhost:8081/index.bundle?platform=web&dev=true&hot=false&lazy=true&transform.engine=hermes&transform.routerRoot=app&unstable_transformProfile=hermes-stable:18446:20)
    at renderWithHooks (http://localhost:8081/index.bundle?platform=web&dev=true&hot=false&lazy=true&transform.engine=hermes&transform.routerRoot=app&unstable_transformProfile=hermes-stable:8656:22)
    at updateFunctionComponent (http://localhost:8081/index.bundle?platform=web&dev=true&hot=false&lazy=true&transform.engine=hermes&transform.routerRoot=app&unstable_transformProfile=hermes-stable:10349:19)
    at beginWork (http://localhost:8081/index.bundle?platform=web&dev=true&hot=false&lazy=true&transform.engine=hermes&transform.routerRoot=app&unstable_transformProfile=hermes-stable:10935:18)
    at runWithFiberInDEV (http://localhost:8081/index.bundle?platform=web&dev=true&hot=false&lazy=true&transform.engine=hermes&transform.routerRoot=app&unstable_transformProfile=hermes-stable:6428:70)
    at performUnitOfWork (http://localhost:8081/index.bundle?platform=web&dev=true&hot=false&lazy=true&transform.engine=hermes&transform.routerRoot=app&unstable_transformProfile=hermes-stable:13008:95)
    at workLoopSync (http://localhost:8081/index.bundle?platform=web&dev=true&hot=false&lazy=true&transform.engine=hermes&transform.routerRoot=app&unstable_transformProfile=hermes-stable:12901:40)
[ 4025371ms] [WARNING] %s

%s
 An error occurred in the <AddTaskSheet> component. Consider adding an error boundary to your tree to customize error handling behavior.
Visit https://react.dev/link/error-boundaries to learn more about error boundaries. @ http://localhost:8081/index.bundle?platform=web&dev=true&hot=false&lazy=true&transform.engine=hermes&transform.routerRoot=app&unstable_transformProfile=hermes-stable:10109
[ 4025392ms] TypeError: Notifications.removeNotificationSubscription is not a function
    at http://localhost:8081/index.bundle?platform=web&dev=true&hot=false&lazy=true&transform.engine=hermes&transform.routerRoot=app&unstable_transformProfile=hermes-stable:185522:53
    at react-stack-bottom-frame (http://localhost:8081/index.bundle?platform=web&dev=true&hot=false&lazy=true&transform.engine=hermes&transform.routerRoot=app&unstable_transformProfile=hermes-stable:18517:13)
    at runWithFiberInDEV (http://localhost:8081/index.bundle?platform=web&dev=true&hot=false&lazy=true&transform.engine=hermes&transform.routerRoot=app&unstable_transformProfile=hermes-stable:6428:70)
    at commitHookEffectListUnmount (http://localhost:8081/index.bundle?platform=web&dev=true&hot=false&lazy=true&transform.engine=hermes&transform.routerRoot=app&unstable_transformProfile=hermes-stable:11445:625)
    at commitHookPassiveUnmountEffects (http://localhost:8081/index.bundle?platform=web&dev=true&hot=false&lazy=true&transform.engine=hermes&transform.routerRoot=app&unstable_transformProfile=hermes-stable:11458:58)
    at commitPassiveUnmountEffectsInsideOfDeletedTree_begin (http://localhost:8081/index.bundle?platform=web&dev=true&hot=false&lazy=true&transform.engine=hermes&transform.routerRoot=app&unstable_transformProfile=hermes-stable:12555:13)
    at recursivelyTraversePassiveUnmountEffects (http://localhost:8081/index.bundle?platform=web&dev=true&hot=false&lazy=true&transform.engine=hermes&transform.routerRoot=app&unstable_transformProfile=hermes-stable:12487:11)
    at commitPassiveUnmountOnFiber (http://localhost:8081/index.bundle?platform=web&dev=true&hot=false&lazy=true&transform.engine=hermes&transform.routerRoot=app&unstable_transformProfile=hermes-stable:12503:11)
    at flushPassiveEffects (http://localhost:8081/index.bundle?platform=web&dev=true&hot=false&lazy=true&transform.engine=hermes&transform.routerRoot=app&unstable_transformProfile=hermes-stable:13359:9)
    at http://localhost:8081/index.bundle?platform=web&dev=true&hot=false&lazy=true&transform.engine=hermes&transform.routerRoot=app&unstable_transformProfile=hermes-stable:13133:11
[ 4025388ms] [WARNING] %s

%s
 An error occurred in the <RootLayout(./_layout.tsx)> component. Consider adding an error boundary to your tree to customize error handling behavior.
Visit https://react.dev/link/error-boundaries to learn more about error boundaries. @ http://localhost:8081/index.bundle?platform=web&dev=true&hot=false&lazy=true&transform.engine=hermes&transform.routerRoot=app&unstable_transformProfile=hermes-stable:10109
[ 4028770ms] ReferenceError: formatDate is not defined
    at eval (http://localhost:8081/components/AddTaskSheet.bundle//&platform=web&dev=true&hot=false&lazy=true&transform.engine=hermes&transform.routerRoot=app&unstable_transformProfile=hermes-stable&minify=false&modulesOnly=true&runModule=false&shallow=true:134:16)
    at Array.from (<anonymous>)
    at AddTaskSheet (http://localhost:8081/components/AddTaskSheet.bundle//&platform=web&dev=true&hot=false&lazy=true&transform.engine=hermes&transform.routerRoot=app&unstable_transformProfile=hermes-stable&minify=false&modulesOnly=true&runModule=false&shallow=true:127:34)
    at react-stack-bottom-frame (http://localhost:8081/index.bundle?platform=web&dev=true&hot=false&lazy=true&transform.engine=hermes&transform.routerRoot=app&unstable_transformProfile=hermes-stable:18446:20)
    at renderWithHooks (http://localhost:8081/index.bundle?platform=web&dev=true&hot=false&lazy=true&transform.engine=hermes&transform.routerRoot=app&unstable_transformProfile=hermes-stable:8656:22)
    at updateFunctionComponent (http://localhost:8081/index.bundle?platform=web&dev=true&hot=false&lazy=true&transform.engine=hermes&transform.routerRoot=app&unstable_transformProfile=hermes-stable:10349:19)
    at beginWork (http://localhost:8081/index.bundle?platform=web&dev=true&hot=false&lazy=true&transform.engine=hermes&transform.routerRoot=app&unstable_transformProfile=hermes-stable:10935:18)
    at runWithFiberInDEV (http://localhost:8081/index.bundle?platform=web&dev=true&hot=false&lazy=true&transform.engine=hermes&transform.routerRoot=app&unstable_transformProfile=hermes-stable:6428:70)
    at performUnitOfWork (http://localhost:8081/index.bundle?platform=web&dev=true&hot=false&lazy=true&transform.engine=hermes&transform.routerRoot=app&unstable_transformProfile=hermes-stable:13008:95)
    at workLoopSync (http://localhost:8081/index.bundle?platform=web&dev=true&hot=false&lazy=true&transform.engine=hermes&transform.routerRoot=app&unstable_transformProfile=hermes-stable:12901:40)
[ 4028709ms] [WARNING] %s

%s
 An error occurred in the <AddTaskSheet> component. Consider adding an error boundary to your tree to customize error handling behavior.
Visit https://react.dev/link/error-boundaries to learn more about error boundaries. @ http://localhost:8081/index.bundle?platform=web&dev=true&hot=false&lazy=true&transform.engine=hermes&transform.routerRoot=app&unstable_transformProfile=hermes-stable:10109
[ 4028810ms] TypeError: Notifications.removeNotificationSubscription is not a function
    at http://localhost:8081/index.bundle?platform=web&dev=true&hot=false&lazy=true&transform.engine=hermes&transform.routerRoot=app&unstable_transformProfile=hermes-stable:185522:53
    at react-stack-bottom-frame (http://localhost:8081/index.bundle?platform=web&dev=true&hot=false&lazy=true&transform.engine=hermes&transform.routerRoot=app&unstable_transformProfile=hermes-stable:18517:13)
    at runWithFiberInDEV (http://localhost:8081/index.bundle?platform=web&dev=true&hot=false&lazy=true&transform.engine=hermes&transform.routerRoot=app&unstable_transformProfile=hermes-stable:6428:70)
    at commitHookEffectListUnmount (http://localhost:8081/index.bundle?platform=web&dev=true&hot=false&lazy=true&transform.engine=hermes&transform.routerRoot=app&unstable_transformProfile=hermes-stable:11445:625)
    at commitHookPassiveUnmountEffects (http://localhost:8081/index.bundle?platform=web&dev=true&hot=false&lazy=true&transform.engine=hermes&transform.routerRoot=app&unstable_transformProfile=hermes-stable:11458:58)
    at commitPassiveUnmountEffectsInsideOfDeletedTree_begin (http://localhost:8081/index.bundle?platform=web&dev=true&hot=false&lazy=true&transform.engine=hermes&transform.routerRoot=app&unstable_transformProfile=hermes-stable:12555:13)
    at recursivelyTraversePassiveUnmountEffects (http://localhost:8081/index.bundle?platform=web&dev=true&hot=false&lazy=true&transform.engine=hermes&transform.routerRoot=app&unstable_transformProfile=hermes-stable:12487:11)
    at commitPassiveUnmountOnFiber (http://localhost:8081/index.bundle?platform=web&dev=true&hot=false&lazy=true&transform.engine=hermes&transform.routerRoot=app&unstable_transformProfile=hermes-stable:12503:11)
    at flushPassiveEffects (http://localhost:8081/index.bundle?platform=web&dev=true&hot=false&lazy=true&transform.engine=hermes&transform.routerRoot=app&unstable_transformProfile=hermes-stable:13359:9)
    at http://localhost:8081/index.bundle?platform=web&dev=true&hot=false&lazy=true&transform.engine=hermes&transform.routerRoot=app&unstable_transformProfile=hermes-stable:13133:11
[ 4028773ms] [WARNING] %s

%s
 An error occurred in the <RootLayout(./_layout.tsx)> component. Consider adding an error boundary to your tree to customize error handling behavior.
Visit https://react.dev/link/error-boundaries to learn more about error boundaries. @ http://localhost:8081/index.bundle?platform=web&dev=true&hot=false&lazy=true&transform.engine=hermes&transform.routerRoot=app&unstable_transformProfile=hermes-stable:10109
[ 4028797ms] [WARNING] WebSocket connection to 'wss://hnflspjejmdwfmztvnpq.supabase.co/realtime/v1/websocket?apikey=eyJhbGciOiJIUzI1NiIsInR5cCI6IkpXVCJ9.eyJpc3MiOiJzdXBhYmFzZSIsInJlZiI6ImhuZmxzcGplam1kd2ZtenR2bnBxIiwicm9sZSI6ImFub24iLCJpYXQiOjE3NzE0MjUzNDUsImV4cCI6MjA4NzAwMTM0NX0.8rBJ0286UmC-PB6jpTqAjuh8mF22gss_4Ast8FAEd4o&vsn=2.0.0' failed: WebSocket is closed before the connection is established. @ http://localhost:8081/index.bundle?platform=web&dev=true&hot=false&lazy=true&transform.engine=hermes&transform.routerRoot=app&unstable_transformProfile=hermes-stable:117949
[ 4031340ms] ReferenceError: formatDate is not defined
    at eval (http://localhost:8081/components/AddTaskSheet.bundle//&platform=web&dev=true&hot=false&lazy=true&transform.engine=hermes&transform.routerRoot=app&unstable_transformProfile=hermes-stable&minify=false&modulesOnly=true&runModule=false&shallow=true:134:16)
    at Array.from (<anonymous>)
    at AddTaskSheet (http://localhost:8081/components/AddTaskSheet.bundle//&platform=web&dev=true&hot=false&lazy=true&transform.engine=hermes&transform.routerRoot=app&unstable_transformProfile=hermes-stable&minify=false&modulesOnly=true&runModule=false&shallow=true:127:34)
    at react-stack-bottom-frame (http://localhost:8081/index.bundle?platform=web&dev=true&hot=false&lazy=true&transform.engine=hermes&transform.routerRoot=app&unstable_transformProfile=hermes-stable:18446:20)
    at renderWithHooks (http://localhost:8081/index.bundle?platform=web&dev=true&hot=false&lazy=true&transform.engine=hermes&transform.routerRoot=app&unstable_transformProfile=hermes-stable:8656:22)
    at updateFunctionComponent (http://localhost:8081/index.bundle?platform=web&dev=true&hot=false&lazy=true&transform.engine=hermes&transform.routerRoot=app&unstable_transformProfile=hermes-stable:10349:19)
    at beginWork (http://localhost:8081/index.bundle?platform=web&dev=true&hot=false&lazy=true&transform.engine=hermes&transform.routerRoot=app&unstable_transformProfile=hermes-stable:10935:18)
    at runWithFiberInDEV (http://localhost:8081/index.bundle?platform=web&dev=true&hot=false&lazy=true&transform.engine=hermes&transform.routerRoot=app&unstable_transformProfile=hermes-stable:6428:70)
    at performUnitOfWork (http://localhost:8081/index.bundle?platform=web&dev=true&hot=false&lazy=true&transform.engine=hermes&transform.routerRoot=app&unstable_transformProfile=hermes-stable:13008:95)
    at workLoopSync (http://localhost:8081/index.bundle?platform=web&dev=true&hot=false&lazy=true&transform.engine=hermes&transform.routerRoot=app&unstable_transformProfile=hermes-stable:12901:40)
[ 4031334ms] [WARNING] %s

%s
 An error occurred in the <AddTaskSheet> component. Consider adding an error boundary to your tree to customize error handling behavior.
Visit https://react.dev/link/error-boundaries to learn more about error boundaries. @ http://localhost:8081/index.bundle?platform=web&dev=true&hot=false&lazy=true&transform.engine=hermes&transform.routerRoot=app&unstable_transformProfile=hermes-stable:10109
[ 4031344ms] TypeError: Notifications.removeNotificationSubscription is not a function
    at http://localhost:8081/index.bundle?platform=web&dev=true&hot=false&lazy=true&transform.engine=hermes&transform.routerRoot=app&unstable_transformProfile=hermes-stable:185522:53
    at react-stack-bottom-frame (http://localhost:8081/index.bundle?platform=web&dev=true&hot=false&lazy=true&transform.engine=hermes&transform.routerRoot=app&unstable_transformProfile=hermes-stable:18517:13)
    at runWithFiberInDEV (http://localhost:8081/index.bundle?platform=web&dev=true&hot=false&lazy=true&transform.engine=hermes&transform.routerRoot=app&unstable_transformProfile=hermes-stable:6428:70)
    at commitHookEffectListUnmount (http://localhost:8081/index.bundle?platform=web&dev=true&hot=false&lazy=true&transform.engine=hermes&transform.routerRoot=app&unstable_transformProfile=hermes-stable:11445:625)
    at commitHookPassiveUnmountEffects (http://localhost:8081/index.bundle?platform=web&dev=true&hot=false&lazy=true&transform.engine=hermes&transform.routerRoot=app&unstable_transformProfile=hermes-stable:11458:58)
    at commitPassiveUnmountEffectsInsideOfDeletedTree_begin (http://localhost:8081/index.bundle?platform=web&dev=true&hot=false&lazy=true&transform.engine=hermes&transform.routerRoot=app&unstable_transformProfile=hermes-stable:12555:13)
    at recursivelyTraversePassiveUnmountEffects (http://localhost:8081/index.bundle?platform=web&dev=true&hot=false&lazy=true&transform.engine=hermes&transform.routerRoot=app&unstable_transformProfile=hermes-stable:12487:11)
    at commitPassiveUnmountOnFiber (http://localhost:8081/index.bundle?platform=web&dev=true&hot=false&lazy=true&transform.engine=hermes&transform.routerRoot=app&unstable_transformProfile=hermes-stable:12503:11)
    at flushPassiveEffects (http://localhost:8081/index.bundle?platform=web&dev=true&hot=false&lazy=true&transform.engine=hermes&transform.routerRoot=app&unstable_transformProfile=hermes-stable:13359:9)
    at http://localhost:8081/index.bundle?platform=web&dev=true&hot=false&lazy=true&transform.engine=hermes&transform.routerRoot=app&unstable_transformProfile=hermes-stable:13133:11
[ 4031338ms] [WARNING] %s

%s
 An error occurred in the <RootLayout(./_layout.tsx)> component. Consider adding an error boundary to your tree to customize error handling behavior.
Visit https://react.dev/link/error-boundaries to learn more about error boundaries. @ http://localhost:8081/index.bundle?platform=web&dev=true&hot=false&lazy=true&transform.engine=hermes&transform.routerRoot=app&unstable_transformProfile=hermes-stable:10109
